{"C:\\node\\testing\\triples.js":{"path":"C:\\node\\testing\\triples.js","s":{"1":1,"2":15,"3":1,"4":14,"5":1,"6":13,"7":13,"8":13,"9":13,"10":26,"11":1,"12":2,"13":2,"14":7,"15":9,"16":1,"17":1,"18":1,"19":1,"20":12,"21":9},"b":{"1":[1,14],"2":[15,14],"3":[1,13],"4":[12,10],"5":[9,8,6,3]},"f":{"1":15,"2":26,"3":2,"4":7,"5":9,"6":1,"7":9,"8":12},"fnMap":{"1":{"name":"(anonymous_1)","line":1,"loc":{"start":{"line":1,"column":17},"end":{"line":1,"column":33}}},"2":{"name":"(anonymous_2)","line":11,"loc":{"start":{"line":11,"column":24},"end":{"line":11,"column":40}}},"3":{"name":"(anonymous_3)","line":14,"loc":{"start":{"line":14,"column":16},"end":{"line":14,"column":29}}},"4":{"name":"(anonymous_4)","line":16,"loc":{"start":{"line":16,"column":34},"end":{"line":16,"column":60}}},"5":{"name":"(anonymous_5)","line":17,"loc":{"start":{"line":17,"column":36},"end":{"line":17,"column":63}}},"6":{"name":"(anonymous_6)","line":23,"loc":{"start":{"line":23,"column":18},"end":{"line":23,"column":33}}},"7":{"name":"(anonymous_7)","line":27,"loc":{"start":{"line":27,"column":19},"end":{"line":27,"column":37}}},"8":{"name":"isPositiveIntegerGte1","line":28,"loc":{"start":{"line":28,"column":2},"end":{"line":28,"column":40}}}},"statementMap":{"1":{"start":{"line":1,"column":0},"end":{"line":12,"column":2}},"2":{"start":{"line":2,"column":2},"end":{"line":4,"column":3}},"3":{"start":{"line":3,"column":4},"end":{"line":3,"column":59}},"4":{"start":{"line":5,"column":2},"end":{"line":7,"column":3}},"5":{"start":{"line":6,"column":4},"end":{"line":6,"column":46}},"6":{"start":{"line":8,"column":2},"end":{"line":8,"column":34}},"7":{"start":{"line":9,"column":2},"end":{"line":9,"column":20}},"8":{"start":{"line":10,"column":2},"end":{"line":10,"column":24}},"9":{"start":{"line":11,"column":2},"end":{"line":11,"column":58}},"10":{"start":{"line":11,"column":41},"end":{"line":11,"column":54}},"11":{"start":{"line":14,"column":0},"end":{"line":21,"column":2}},"12":{"start":{"line":15,"column":2},"end":{"line":15,"column":28}},"13":{"start":{"line":16,"column":2},"end":{"line":20,"column":9}},"14":{"start":{"line":17,"column":4},"end":{"line":19,"column":16}},"15":{"start":{"line":18,"column":6},"end":{"line":18,"column":61}},"16":{"start":{"line":23,"column":0},"end":{"line":25,"column":2}},"17":{"start":{"line":24,"column":2},"end":{"line":24,"column":54}},"18":{"start":{"line":27,"column":0},"end":{"line":36,"column":2}},"19":{"start":{"line":28,"column":2},"end":{"line":30,"column":3}},"20":{"start":{"line":29,"column":4},"end":{"line":29,"column":65}},"21":{"start":{"line":32,"column":2},"end":{"line":35,"column":82}}},"branchMap":{"1":{"line":2,"type":"if","locations":[{"start":{"line":2,"column":2},"end":{"line":2,"column":2}},{"start":{"line":2,"column":2},"end":{"line":2,"column":2}}]},"2":{"line":2,"type":"binary-expr","locations":[{"start":{"line":2,"column":6},"end":{"line":2,"column":11}},{"start":{"line":2,"column":15},"end":{"line":2,"column":20}}]},"3":{"line":5,"type":"if","locations":[{"start":{"line":5,"column":2},"end":{"line":5,"column":2}},{"start":{"line":5,"column":2},"end":{"line":5,"column":2}}]},"4":{"line":29,"type":"binary-expr","locations":[{"start":{"line":29,"column":12},"end":{"line":29,"column":49}},{"start":{"line":29,"column":54},"end":{"line":29,"column":64}}]},"5":{"line":32,"type":"binary-expr","locations":[{"start":{"line":32,"column":9},"end":{"line":32,"column":30}},{"start":{"line":33,"column":7},"end":{"line":33,"column":26}},{"start":{"line":34,"column":7},"end":{"line":34,"column":42}},{"start":{"line":35,"column":7},"end":{"line":35,"column":81}}]}}}}