TN:
SF:C:\node\testing\triples.js
FN:1,(anonymous_1)
FN:11,(anonymous_2)
FN:14,(anonymous_3)
FN:16,(anonymous_4)
FN:17,(anonymous_5)
FN:23,(anonymous_6)
FN:27,(anonymous_7)
FN:28,isPositiveIntegerGte1
FNF:8
FNH:8
FNDA:15,(anonymous_1)
FNDA:26,(anonymous_2)
FNDA:2,(anonymous_3)
FNDA:7,(anonymous_4)
FNDA:9,(anonymous_5)
FNDA:1,(anonymous_6)
FNDA:9,(anonymous_7)
FNDA:12,isPositiveIntegerGte1
DA:1,1
DA:2,15
DA:3,1
DA:5,14
DA:6,1
DA:8,13
DA:9,13
DA:10,13
DA:11,26
DA:14,1
DA:15,2
DA:16,2
DA:17,7
DA:18,9
DA:23,1
DA:24,1
DA:27,1
DA:28,1
DA:29,12
DA:32,9
LF:20
LH:20
BRDA:2,1,0,1
BRDA:2,1,1,14
BRDA:2,2,0,15
BRDA:2,2,1,14
BRDA:5,3,0,1
BRDA:5,3,1,13
BRDA:29,4,0,12
BRDA:29,4,1,10
BRDA:32,5,0,9
BRDA:32,5,1,8
BRDA:32,5,2,6
BRDA:32,5,3,3
BRF:12
BRH:12
end_of_record
